{"/Volumes/BackupHD/Dropbox/dev/vue-api-query/src/Builder.js": {"path":"/Volumes/BackupHD/Dropbox/dev/vue-api-query/src/Builder.js","statementMap":{"0":{"start":{"line":6,"column":4},"end":{"line":6,"column":22}},"1":{"start":{"line":7,"column":4},"end":{"line":7,"column":21}},"2":{"start":{"line":8,"column":4},"end":{"line":8,"column":19}},"3":{"start":{"line":9,"column":4},"end":{"line":11,"column":5}},"4":{"start":{"line":13,"column":4},"end":{"line":13,"column":34}},"5":{"start":{"line":17,"column":4},"end":{"line":17,"column":30}},"6":{"start":{"line":21,"column":4},"end":{"line":21,"column":24}},"7":{"start":{"line":23,"column":4},"end":{"line":23,"column":15}},"8":{"start":{"line":27,"column":4},"end":{"line":27,"column":23}},"9":{"start":{"line":29,"column":4},"end":{"line":29,"column":15}},"10":{"start":{"line":33,"column":4},"end":{"line":34,"column":77}},"11":{"start":{"line":34,"column":6},"end":{"line":34,"column":77}},"12":{"start":{"line":36,"column":4},"end":{"line":37,"column":72}},"13":{"start":{"line":37,"column":6},"end":{"line":37,"column":72}},"14":{"start":{"line":39,"column":4},"end":{"line":39,"column":36}},"15":{"start":{"line":41,"column":4},"end":{"line":41,"column":15}},"16":{"start":{"line":45,"column":4},"end":{"line":46,"column":81}},"17":{"start":{"line":46,"column":6},"end":{"line":46,"column":81}},"18":{"start":{"line":48,"column":4},"end":{"line":48,"column":46}},"19":{"start":{"line":50,"column":4},"end":{"line":50,"column":15}},"20":{"start":{"line":54,"column":4},"end":{"line":54,"column":21}},"21":{"start":{"line":56,"column":4},"end":{"line":56,"column":15}}},"fnMap":{"0":{"name":"(anonymous_0)","decl":{"start":{"line":5,"column":2},"end":{"line":5,"column":3}},"loc":{"start":{"line":5,"column":16},"end":{"line":14,"column":3}},"line":5},"1":{"name":"(anonymous_1)","decl":{"start":{"line":16,"column":2},"end":{"line":16,"column":3}},"loc":{"start":{"line":16,"column":11},"end":{"line":18,"column":3}},"line":16},"2":{"name":"(anonymous_2)","decl":{"start":{"line":20,"column":2},"end":{"line":20,"column":3}},"loc":{"start":{"line":20,"column":20},"end":{"line":24,"column":3}},"line":20},"3":{"name":"(anonymous_3)","decl":{"start":{"line":26,"column":2},"end":{"line":26,"column":3}},"loc":{"start":{"line":26,"column":19},"end":{"line":30,"column":3}},"line":26},"4":{"name":"(anonymous_4)","decl":{"start":{"line":32,"column":2},"end":{"line":32,"column":3}},"loc":{"start":{"line":32,"column":21},"end":{"line":42,"column":3}},"line":32},"5":{"name":"(anonymous_5)","decl":{"start":{"line":44,"column":2},"end":{"line":44,"column":3}},"loc":{"start":{"line":44,"column":23},"end":{"line":51,"column":3}},"line":44},"6":{"name":"(anonymous_6)","decl":{"start":{"line":53,"column":2},"end":{"line":53,"column":3}},"loc":{"start":{"line":53,"column":20},"end":{"line":57,"column":3}},"line":53}},"branchMap":{"0":{"loc":{"start":{"line":33,"column":4},"end":{"line":34,"column":77}},"type":"if","locations":[{"start":{"line":33,"column":4},"end":{"line":34,"column":77}},{"start":{"line":33,"column":4},"end":{"line":34,"column":77}}],"line":33},"1":{"loc":{"start":{"line":33,"column":8},"end":{"line":33,"column":48}},"type":"binary-expr","locations":[{"start":{"line":33,"column":8},"end":{"line":33,"column":25}},{"start":{"line":33,"column":29},"end":{"line":33,"column":48}}],"line":33},"2":{"loc":{"start":{"line":36,"column":4},"end":{"line":37,"column":72}},"type":"if","locations":[{"start":{"line":36,"column":4},"end":{"line":37,"column":72}},{"start":{"line":36,"column":4},"end":{"line":37,"column":72}}],"line":36},"3":{"loc":{"start":{"line":36,"column":8},"end":{"line":36,"column":55}},"type":"binary-expr","locations":[{"start":{"line":36,"column":8},"end":{"line":36,"column":28}},{"start":{"line":36,"column":32},"end":{"line":36,"column":55}}],"line":36},"4":{"loc":{"start":{"line":45,"column":4},"end":{"line":46,"column":81}},"type":"if","locations":[{"start":{"line":45,"column":4},"end":{"line":46,"column":81}},{"start":{"line":45,"column":4},"end":{"line":46,"column":81}}],"line":45}},"s":{"0":7,"1":7,"2":7,"3":7,"4":7,"5":0,"6":0,"7":0,"8":0,"9":0,"10":0,"11":0,"12":0,"13":0,"14":0,"15":0,"16":0,"17":0,"18":0,"19":0,"20":0,"21":0},"f":{"0":7,"1":0,"2":0,"3":0,"4":0,"5":0,"6":0},"b":{"0":[0,0],"1":[0,0],"2":[0,0],"3":[0,0],"4":[0,0]},"_coverageSchema":"332fd63041d2c1bcb487cc26dd0d5f7d97098a6c","hash":"2b339590138e304bece9e4ee87525d0803248dbb"}
,"/Volumes/BackupHD/Dropbox/dev/vue-api-query/src/Model.js": {"path":"/Volumes/BackupHD/Dropbox/dev/vue-api-query/src/Model.js","statementMap":{"0":{"start":{"line":7,"column":4},"end":{"line":7,"column":11}},"1":{"start":{"line":10,"column":4},"end":{"line":16,"column":5}},"2":{"start":{"line":11,"column":6},"end":{"line":11,"column":35}},"3":{"start":{"line":12,"column":6},"end":{"line":12,"column":31}},"4":{"start":{"line":13,"column":6},"end":{"line":13,"column":33}},"5":{"start":{"line":15,"column":6},"end":{"line":15,"column":40}},"6":{"start":{"line":18,"column":4},"end":{"line":20,"column":5}},"7":{"start":{"line":19,"column":6},"end":{"line":19,"column":59}},"8":{"start":{"line":22,"column":4},"end":{"line":24,"column":5}},"9":{"start":{"line":23,"column":6},"end":{"line":23,"column":59}},"10":{"start":{"line":26,"column":4},"end":{"line":28,"column":5}},"11":{"start":{"line":27,"column":6},"end":{"line":27,"column":52}},"12":{"start":{"line":32,"column":4},"end":{"line":32,"column":22}},"13":{"start":{"line":36,"column":4},"end":{"line":36,"column":52}},"14":{"start":{"line":40,"column":4},"end":{"line":40,"column":35}},"15":{"start":{"line":42,"column":4},"end":{"line":42,"column":15}},"16":{"start":{"line":46,"column":4},"end":{"line":46,"column":28}},"17":{"start":{"line":51,"column":19},"end":{"line":51,"column":28}},"18":{"start":{"line":52,"column":14},"end":{"line":52,"column":86}},"19":{"start":{"line":54,"column":4},"end":{"line":54,"column":23}},"20":{"start":{"line":56,"column":4},"end":{"line":56,"column":19}},"21":{"start":{"line":60,"column":4},"end":{"line":60,"column":31}},"22":{"start":{"line":61,"column":4},"end":{"line":61,"column":15}},"23":{"start":{"line":65,"column":4},"end":{"line":65,"column":37}},"24":{"start":{"line":66,"column":4},"end":{"line":66,"column":15}},"25":{"start":{"line":70,"column":4},"end":{"line":70,"column":39}},"26":{"start":{"line":71,"column":4},"end":{"line":71,"column":15}},"27":{"start":{"line":75,"column":4},"end":{"line":75,"column":30}},"28":{"start":{"line":76,"column":4},"end":{"line":76,"column":15}},"29":{"start":{"line":80,"column":4},"end":{"line":80,"column":31}},"30":{"start":{"line":81,"column":4},"end":{"line":81,"column":15}},"31":{"start":{"line":85,"column":4},"end":{"line":95,"column":6}},"32":{"start":{"line":88,"column":6},"end":{"line":92,"column":7}},"33":{"start":{"line":89,"column":8},"end":{"line":89,"column":31}},"34":{"start":{"line":91,"column":8},"end":{"line":91,"column":26}},"35":{"start":{"line":94,"column":6},"end":{"line":94,"column":23}},"36":{"start":{"line":99,"column":4},"end":{"line":101,"column":5}},"37":{"start":{"line":100,"column":6},"end":{"line":100,"column":69}},"38":{"start":{"line":103,"column":14},"end":{"line":103,"column":82}},"39":{"start":{"line":105,"column":4},"end":{"line":116,"column":6}},"40":{"start":{"line":109,"column":17},"end":{"line":109,"column":52}},"41":{"start":{"line":110,"column":6},"end":{"line":110,"column":26}},"42":{"start":{"line":111,"column":6},"end":{"line":111,"column":22}},"43":{"start":{"line":112,"column":6},"end":{"line":112,"column":33}},"44":{"start":{"line":113,"column":6},"end":{"line":113,"column":23}},"45":{"start":{"line":115,"column":6},"end":{"line":115,"column":17}},"46":{"start":{"line":120,"column":15},"end":{"line":120,"column":75}},"47":{"start":{"line":121,"column":4},"end":{"line":121,"column":39}},"48":{"start":{"line":122,"column":14},"end":{"line":122,"column":47}},"49":{"start":{"line":124,"column":4},"end":{"line":148,"column":6}},"50":{"start":{"line":128,"column":23},"end":{"line":128,"column":58}},"51":{"start":{"line":129,"column":6},"end":{"line":129,"column":72}},"52":{"start":{"line":131,"column":6},"end":{"line":139,"column":8}},"53":{"start":{"line":132,"column":19},"end":{"line":132,"column":42}},"54":{"start":{"line":133,"column":8},"end":{"line":133,"column":28}},"55":{"start":{"line":134,"column":8},"end":{"line":134,"column":24}},"56":{"start":{"line":135,"column":8},"end":{"line":135,"column":35}},"57":{"start":{"line":136,"column":8},"end":{"line":136,"column":25}},"58":{"start":{"line":138,"column":8},"end":{"line":138,"column":19}},"59":{"start":{"line":141,"column":6},"end":{"line":145,"column":7}},"60":{"start":{"line":142,"column":8},"end":{"line":142,"column":39}},"61":{"start":{"line":144,"column":8},"end":{"line":144,"column":34}},"62":{"start":{"line":147,"column":6},"end":{"line":147,"column":26}},"63":{"start":{"line":152,"column":4},"end":{"line":152,"column":67}},"64":{"start":{"line":156,"column":4},"end":{"line":160,"column":5}},"65":{"start":{"line":157,"column":6},"end":{"line":157,"column":62}},"66":{"start":{"line":159,"column":6},"end":{"line":159,"column":51}},"67":{"start":{"line":164,"column":4},"end":{"line":164,"column":57}},"68":{"start":{"line":168,"column":4},"end":{"line":175,"column":6}},"69":{"start":{"line":173,"column":17},"end":{"line":173,"column":51}},"70":{"start":{"line":174,"column":6},"end":{"line":174,"column":17}},"71":{"start":{"line":179,"column":4},"end":{"line":186,"column":6}},"72":{"start":{"line":184,"column":17},"end":{"line":184,"column":51}},"73":{"start":{"line":185,"column":6},"end":{"line":185,"column":17}}},"fnMap":{"0":{"name":"(anonymous_0)","decl":{"start":{"line":6,"column":2},"end":{"line":6,"column":3}},"loc":{"start":{"line":6,"column":29},"end":{"line":29,"column":3}},"line":6},"1":{"name":"(anonymous_1)","decl":{"start":{"line":31,"column":2},"end":{"line":31,"column":3}},"loc":{"start":{"line":31,"column":15},"end":{"line":33,"column":3}},"line":31},"2":{"name":"(anonymous_2)","decl":{"start":{"line":35,"column":2},"end":{"line":35,"column":3}},"loc":{"start":{"line":35,"column":14},"end":{"line":37,"column":3}},"line":35},"3":{"name":"(anonymous_3)","decl":{"start":{"line":39,"column":2},"end":{"line":39,"column":3}},"loc":{"start":{"line":39,"column":20},"end":{"line":43,"column":3}},"line":39},"4":{"name":"(anonymous_4)","decl":{"start":{"line":45,"column":2},"end":{"line":45,"column":3}},"loc":{"start":{"line":45,"column":14},"end":{"line":47,"column":3}},"line":45},"5":{"name":"(anonymous_5)","decl":{"start":{"line":49,"column":2},"end":{"line":49,"column":3}},"loc":{"start":{"line":49,"column":18},"end":{"line":57,"column":3}},"line":49},"6":{"name":"(anonymous_6)","decl":{"start":{"line":59,"column":2},"end":{"line":59,"column":3}},"loc":{"start":{"line":59,"column":20},"end":{"line":62,"column":3}},"line":59},"7":{"name":"(anonymous_7)","decl":{"start":{"line":64,"column":2},"end":{"line":64,"column":3}},"loc":{"start":{"line":64,"column":23},"end":{"line":67,"column":3}},"line":64},"8":{"name":"(anonymous_8)","decl":{"start":{"line":69,"column":2},"end":{"line":69,"column":3}},"loc":{"start":{"line":69,"column":25},"end":{"line":72,"column":3}},"line":69},"9":{"name":"(anonymous_9)","decl":{"start":{"line":74,"column":2},"end":{"line":74,"column":3}},"loc":{"start":{"line":74,"column":19},"end":{"line":77,"column":3}},"line":74},"10":{"name":"(anonymous_10)","decl":{"start":{"line":79,"column":2},"end":{"line":79,"column":3}},"loc":{"start":{"line":79,"column":20},"end":{"line":82,"column":3}},"line":79},"11":{"name":"(anonymous_11)","decl":{"start":{"line":84,"column":2},"end":{"line":84,"column":3}},"loc":{"start":{"line":84,"column":11},"end":{"line":96,"column":3}},"line":84},"12":{"name":"(anonymous_12)","decl":{"start":{"line":85,"column":27},"end":{"line":85,"column":28}},"loc":{"start":{"line":85,"column":39},"end":{"line":95,"column":5}},"line":85},"13":{"name":"(anonymous_13)","decl":{"start":{"line":98,"column":2},"end":{"line":98,"column":3}},"loc":{"start":{"line":98,"column":12},"end":{"line":117,"column":3}},"line":98},"14":{"name":"(anonymous_14)","decl":{"start":{"line":108,"column":12},"end":{"line":108,"column":13}},"loc":{"start":{"line":108,"column":24},"end":{"line":116,"column":5}},"line":108},"15":{"name":"(anonymous_15)","decl":{"start":{"line":119,"column":2},"end":{"line":119,"column":3}},"loc":{"start":{"line":119,"column":9},"end":{"line":149,"column":3}},"line":119},"16":{"name":"(anonymous_16)","decl":{"start":{"line":127,"column":12},"end":{"line":127,"column":13}},"loc":{"start":{"line":127,"column":24},"end":{"line":148,"column":5}},"line":127},"17":{"name":"(anonymous_17)","decl":{"start":{"line":131,"column":34},"end":{"line":131,"column":35}},"loc":{"start":{"line":131,"column":39},"end":{"line":139,"column":7}},"line":131},"18":{"name":"(anonymous_18)","decl":{"start":{"line":151,"column":2},"end":{"line":151,"column":3}},"loc":{"start":{"line":151,"column":11},"end":{"line":153,"column":3}},"line":151},"19":{"name":"(anonymous_19)","decl":{"start":{"line":155,"column":2},"end":{"line":155,"column":3}},"loc":{"start":{"line":155,"column":14},"end":{"line":161,"column":3}},"line":155},"20":{"name":"(anonymous_20)","decl":{"start":{"line":163,"column":2},"end":{"line":163,"column":3}},"loc":{"start":{"line":163,"column":10},"end":{"line":165,"column":3}},"line":163},"21":{"name":"(anonymous_21)","decl":{"start":{"line":167,"column":2},"end":{"line":167,"column":3}},"loc":{"start":{"line":167,"column":13},"end":{"line":176,"column":3}},"line":167},"22":{"name":"(anonymous_22)","decl":{"start":{"line":172,"column":12},"end":{"line":172,"column":13}},"loc":{"start":{"line":172,"column":24},"end":{"line":175,"column":5}},"line":172},"23":{"name":"(anonymous_23)","decl":{"start":{"line":178,"column":2},"end":{"line":178,"column":3}},"loc":{"start":{"line":178,"column":13},"end":{"line":187,"column":3}},"line":178},"24":{"name":"(anonymous_24)","decl":{"start":{"line":183,"column":12},"end":{"line":183,"column":13}},"loc":{"start":{"line":183,"column":24},"end":{"line":186,"column":5}},"line":183}},"branchMap":{"0":{"loc":{"start":{"line":10,"column":4},"end":{"line":16,"column":5}},"type":"if","locations":[{"start":{"line":10,"column":4},"end":{"line":16,"column":5}},{"start":{"line":10,"column":4},"end":{"line":16,"column":5}}],"line":10},"1":{"loc":{"start":{"line":18,"column":4},"end":{"line":20,"column":5}},"type":"if","locations":[{"start":{"line":18,"column":4},"end":{"line":20,"column":5}},{"start":{"line":18,"column":4},"end":{"line":20,"column":5}}],"line":18},"2":{"loc":{"start":{"line":22,"column":4},"end":{"line":24,"column":5}},"type":"if","locations":[{"start":{"line":22,"column":4},"end":{"line":24,"column":5}},{"start":{"line":22,"column":4},"end":{"line":24,"column":5}}],"line":22},"3":{"loc":{"start":{"line":26,"column":4},"end":{"line":28,"column":5}},"type":"if","locations":[{"start":{"line":26,"column":4},"end":{"line":28,"column":5}},{"start":{"line":26,"column":4},"end":{"line":28,"column":5}}],"line":26},"4":{"loc":{"start":{"line":88,"column":6},"end":{"line":92,"column":7}},"type":"if","locations":[{"start":{"line":88,"column":6},"end":{"line":92,"column":7}},{"start":{"line":88,"column":6},"end":{"line":92,"column":7}}],"line":88},"5":{"loc":{"start":{"line":94,"column":13},"end":{"line":94,"column":23}},"type":"binary-expr","locations":[{"start":{"line":94,"column":13},"end":{"line":94,"column":17}},{"start":{"line":94,"column":21},"end":{"line":94,"column":23}}],"line":94},"6":{"loc":{"start":{"line":99,"column":4},"end":{"line":101,"column":5}},"type":"if","locations":[{"start":{"line":99,"column":4},"end":{"line":101,"column":5}},{"start":{"line":99,"column":4},"end":{"line":101,"column":5}}],"line":99},"7":{"loc":{"start":{"line":120,"column":15},"end":{"line":120,"column":75}},"type":"binary-expr","locations":[{"start":{"line":120,"column":15},"end":{"line":120,"column":33}},{"start":{"line":120,"column":37},"end":{"line":120,"column":75}}],"line":120},"8":{"loc":{"start":{"line":121,"column":11},"end":{"line":121,"column":39}},"type":"binary-expr","locations":[{"start":{"line":121,"column":11},"end":{"line":121,"column":31}},{"start":{"line":121,"column":35},"end":{"line":121,"column":39}}],"line":121},"9":{"loc":{"start":{"line":128,"column":23},"end":{"line":128,"column":58}},"type":"binary-expr","locations":[{"start":{"line":128,"column":23},"end":{"line":128,"column":41}},{"start":{"line":128,"column":45},"end":{"line":128,"column":58}}],"line":128},"10":{"loc":{"start":{"line":129,"column":19},"end":{"line":129,"column":72}},"type":"cond-expr","locations":[{"start":{"line":129,"column":47},"end":{"line":129,"column":57}},{"start":{"line":129,"column":60},"end":{"line":129,"column":72}}],"line":129},"11":{"loc":{"start":{"line":141,"column":6},"end":{"line":145,"column":7}},"type":"if","locations":[{"start":{"line":141,"column":6},"end":{"line":145,"column":7}},{"start":{"line":141,"column":6},"end":{"line":145,"column":7}}],"line":141},"12":{"loc":{"start":{"line":152,"column":11},"end":{"line":152,"column":67}},"type":"binary-expr","locations":[{"start":{"line":152,"column":11},"end":{"line":152,"column":32}},{"start":{"line":152,"column":36},"end":{"line":152,"column":49}},{"start":{"line":152,"column":53},"end":{"line":152,"column":67}}],"line":152},"13":{"loc":{"start":{"line":156,"column":4},"end":{"line":160,"column":5}},"type":"if","locations":[{"start":{"line":156,"column":4},"end":{"line":160,"column":5}},{"start":{"line":156,"column":4},"end":{"line":160,"column":5}}],"line":156},"14":{"loc":{"start":{"line":164,"column":11},"end":{"line":164,"column":57}},"type":"cond-expr","locations":[{"start":{"line":164,"column":26},"end":{"line":164,"column":40}},{"start":{"line":164,"column":43},"end":{"line":164,"column":57}}],"line":164}},"s":{"0":8,"1":8,"2":7,"3":7,"4":7,"5":1,"6":8,"7":1,"8":7,"9":1,"10":6,"11":1,"12":6,"13":3,"14":0,"15":0,"16":1,"17":1,"18":1,"19":1,"20":1,"21":0,"22":0,"23":0,"24":0,"25":0,"26":0,"27":0,"28":0,"29":0,"30":0,"31":0,"32":0,"33":0,"34":0,"35":0,"36":1,"37":1,"38":0,"39":0,"40":0,"41":0,"42":0,"43":0,"44":0,"45":0,"46":0,"47":0,"48":0,"49":0,"50":0,"51":0,"52":0,"53":0,"54":0,"55":0,"56":0,"57":0,"58":0,"59":0,"60":0,"61":0,"62":0,"63":0,"64":0,"65":0,"66":0,"67":0,"68":0,"69":0,"70":0,"71":0,"72":0,"73":0},"f":{"0":8,"1":6,"2":3,"3":0,"4":1,"5":1,"6":0,"7":0,"8":0,"9":0,"10":0,"11":0,"12":0,"13":1,"14":0,"15":0,"16":0,"17":0,"18":0,"19":0,"20":0,"21":0,"22":0,"23":0,"24":0},"b":{"0":[7,1],"1":[1,7],"2":[1,6],"3":[1,5],"4":[0,0],"5":[0,0],"6":[1,0],"7":[0,0],"8":[0,0],"9":[0,0],"10":[0,0],"11":[0,0],"12":[0,0,0],"13":[0,0],"14":[0,0]},"_coverageSchema":"332fd63041d2c1bcb487cc26dd0d5f7d97098a6c","hash":"91af3d49ff5cb1ac98a00c6e1d60bdef763593d2"}
,"/Volumes/BackupHD/Dropbox/dev/vue-api-query/src/Parser.js": {"path":"/Volumes/BackupHD/Dropbox/dev/vue-api-query/src/Parser.js","statementMap":{"0":{"start":{"line":6,"column":4},"end":{"line":6,"column":26}},"1":{"start":{"line":7,"column":4},"end":{"line":7,"column":17}},"2":{"start":{"line":11,"column":4},"end":{"line":11,"column":19}},"3":{"start":{"line":12,"column":4},"end":{"line":12,"column":18}},"4":{"start":{"line":13,"column":4},"end":{"line":13,"column":18}},"5":{"start":{"line":14,"column":4},"end":{"line":14,"column":16}},"6":{"start":{"line":16,"column":4},"end":{"line":16,"column":19}},"7":{"start":{"line":20,"column":4},"end":{"line":20,"column":62}},"8":{"start":{"line":24,"column":4},"end":{"line":24,"column":43}},"9":{"start":{"line":28,"column":4},"end":{"line":28,"column":42}},"10":{"start":{"line":32,"column":4},"end":{"line":32,"column":40}},"11":{"start":{"line":36,"column":4},"end":{"line":36,"column":40}},"12":{"start":{"line":40,"column":4},"end":{"line":42,"column":5}},"13":{"start":{"line":41,"column":6},"end":{"line":41,"column":12}},"14":{"start":{"line":44,"column":4},"end":{"line":44,"column":67}},"15":{"start":{"line":49,"column":4},"end":{"line":51,"column":5}},"16":{"start":{"line":50,"column":6},"end":{"line":50,"column":12}},"17":{"start":{"line":53,"column":4},"end":{"line":53,"column":65}},"18":{"start":{"line":57,"column":4},"end":{"line":59,"column":5}},"19":{"start":{"line":58,"column":6},"end":{"line":58,"column":12}},"20":{"start":{"line":61,"column":4},"end":{"line":61,"column":61}},"21":{"start":{"line":65,"column":4},"end":{"line":67,"column":5}},"22":{"start":{"line":66,"column":6},"end":{"line":66,"column":12}},"23":{"start":{"line":69,"column":4},"end":{"line":69,"column":67}}},"fnMap":{"0":{"name":"(anonymous_0)","decl":{"start":{"line":5,"column":2},"end":{"line":5,"column":3}},"loc":{"start":{"line":5,"column":23},"end":{"line":8,"column":3}},"line":5},"1":{"name":"(anonymous_1)","decl":{"start":{"line":10,"column":2},"end":{"line":10,"column":3}},"loc":{"start":{"line":10,"column":11},"end":{"line":17,"column":3}},"line":10},"2":{"name":"(anonymous_2)","decl":{"start":{"line":19,"column":2},"end":{"line":19,"column":3}},"loc":{"start":{"line":19,"column":16},"end":{"line":21,"column":3}},"line":19},"3":{"name":"(anonymous_3)","decl":{"start":{"line":23,"column":2},"end":{"line":23,"column":3}},"loc":{"start":{"line":23,"column":17},"end":{"line":25,"column":3}},"line":23},"4":{"name":"(anonymous_4)","decl":{"start":{"line":27,"column":2},"end":{"line":27,"column":3}},"loc":{"start":{"line":27,"column":16},"end":{"line":29,"column":3}},"line":27},"5":{"name":"(anonymous_5)","decl":{"start":{"line":31,"column":2},"end":{"line":31,"column":3}},"loc":{"start":{"line":31,"column":14},"end":{"line":33,"column":3}},"line":31},"6":{"name":"(anonymous_6)","decl":{"start":{"line":35,"column":2},"end":{"line":35,"column":3}},"loc":{"start":{"line":35,"column":13},"end":{"line":37,"column":3}},"line":35},"7":{"name":"(anonymous_7)","decl":{"start":{"line":39,"column":2},"end":{"line":39,"column":3}},"loc":{"start":{"line":39,"column":14},"end":{"line":45,"column":3}},"line":39},"8":{"name":"(anonymous_8)","decl":{"start":{"line":48,"column":2},"end":{"line":48,"column":3}},"loc":{"start":{"line":48,"column":13},"end":{"line":54,"column":3}},"line":48},"9":{"name":"(anonymous_9)","decl":{"start":{"line":56,"column":2},"end":{"line":56,"column":3}},"loc":{"start":{"line":56,"column":11},"end":{"line":62,"column":3}},"line":56},"10":{"name":"(anonymous_10)","decl":{"start":{"line":64,"column":2},"end":{"line":64,"column":3}},"loc":{"start":{"line":64,"column":13},"end":{"line":70,"column":3}},"line":64}},"branchMap":{"0":{"loc":{"start":{"line":36,"column":11},"end":{"line":36,"column":40}},"type":"cond-expr","locations":[{"start":{"line":36,"column":31},"end":{"line":36,"column":34}},{"start":{"line":36,"column":37},"end":{"line":36,"column":40}}],"line":36},"1":{"loc":{"start":{"line":40,"column":4},"end":{"line":42,"column":5}},"type":"if","locations":[{"start":{"line":40,"column":4},"end":{"line":42,"column":5}},{"start":{"line":40,"column":4},"end":{"line":42,"column":5}}],"line":40},"2":{"loc":{"start":{"line":49,"column":4},"end":{"line":51,"column":5}},"type":"if","locations":[{"start":{"line":49,"column":4},"end":{"line":51,"column":5}},{"start":{"line":49,"column":4},"end":{"line":51,"column":5}}],"line":49},"3":{"loc":{"start":{"line":57,"column":4},"end":{"line":59,"column":5}},"type":"if","locations":[{"start":{"line":57,"column":4},"end":{"line":59,"column":5}},{"start":{"line":57,"column":4},"end":{"line":59,"column":5}}],"line":57},"4":{"loc":{"start":{"line":65,"column":4},"end":{"line":67,"column":5}},"type":"if","locations":[{"start":{"line":65,"column":4},"end":{"line":67,"column":5}},{"start":{"line":65,"column":4},"end":{"line":67,"column":5}}],"line":65}},"s":{"0":7,"1":7,"2":0,"3":0,"4":0,"5":0,"6":0,"7":0,"8":0,"9":0,"10":0,"11":0,"12":0,"13":0,"14":0,"15":0,"16":0,"17":0,"18":0,"19":0,"20":0,"21":0,"22":0,"23":0},"f":{"0":7,"1":0,"2":0,"3":0,"4":0,"5":0,"6":0,"7":0,"8":0,"9":0,"10":0},"b":{"0":[0,0],"1":[0,0],"2":[0,0],"3":[0,0],"4":[0,0]},"_coverageSchema":"332fd63041d2c1bcb487cc26dd0d5f7d97098a6c","hash":"9abaded8e89afe0015e2253642a050bfd777f7d6"}
,"/Volumes/BackupHD/Dropbox/dev/vue-api-query/src/StaticModel.js": {"path":"/Volumes/BackupHD/Dropbox/dev/vue-api-query/src/StaticModel.js","statementMap":{"0":{"start":{"line":14,"column":15},"end":{"line":14,"column":57}},"1":{"start":{"line":15,"column":4},"end":{"line":15,"column":25}},"2":{"start":{"line":17,"column":4},"end":{"line":17,"column":15}},"3":{"start":{"line":21,"column":15},"end":{"line":21,"column":57}},"4":{"start":{"line":22,"column":4},"end":{"line":22,"column":25}},"5":{"start":{"line":24,"column":4},"end":{"line":24,"column":15}},"6":{"start":{"line":28,"column":15},"end":{"line":28,"column":57}},"7":{"start":{"line":29,"column":4},"end":{"line":29,"column":28}},"8":{"start":{"line":31,"column":4},"end":{"line":31,"column":15}},"9":{"start":{"line":35,"column":15},"end":{"line":35,"column":57}},"10":{"start":{"line":36,"column":4},"end":{"line":36,"column":30}},"11":{"start":{"line":38,"column":4},"end":{"line":38,"column":15}},"12":{"start":{"line":42,"column":15},"end":{"line":42,"column":57}},"13":{"start":{"line":43,"column":4},"end":{"line":43,"column":21}},"14":{"start":{"line":45,"column":4},"end":{"line":45,"column":15}},"15":{"start":{"line":49,"column":15},"end":{"line":49,"column":57}},"16":{"start":{"line":50,"column":4},"end":{"line":50,"column":22}},"17":{"start":{"line":52,"column":4},"end":{"line":52,"column":15}},"18":{"start":{"line":56,"column":15},"end":{"line":56,"column":57}},"19":{"start":{"line":58,"column":4},"end":{"line":58,"column":23}},"20":{"start":{"line":62,"column":15},"end":{"line":62,"column":57}},"21":{"start":{"line":64,"column":4},"end":{"line":64,"column":24}},"22":{"start":{"line":68,"column":15},"end":{"line":68,"column":57}},"23":{"start":{"line":70,"column":4},"end":{"line":70,"column":21}}},"fnMap":{"0":{"name":"(anonymous_0)","decl":{"start":{"line":13,"column":2},"end":{"line":13,"column":3}},"loc":{"start":{"line":13,"column":27},"end":{"line":18,"column":3}},"line":13},"1":{"name":"(anonymous_1)","decl":{"start":{"line":20,"column":2},"end":{"line":20,"column":3}},"loc":{"start":{"line":20,"column":27},"end":{"line":25,"column":3}},"line":20},"2":{"name":"(anonymous_2)","decl":{"start":{"line":27,"column":2},"end":{"line":27,"column":3}},"loc":{"start":{"line":27,"column":30},"end":{"line":32,"column":3}},"line":27},"3":{"name":"(anonymous_3)","decl":{"start":{"line":34,"column":2},"end":{"line":34,"column":3}},"loc":{"start":{"line":34,"column":32},"end":{"line":39,"column":3}},"line":34},"4":{"name":"(anonymous_4)","decl":{"start":{"line":41,"column":2},"end":{"line":41,"column":3}},"loc":{"start":{"line":41,"column":26},"end":{"line":46,"column":3}},"line":41},"5":{"name":"(anonymous_5)","decl":{"start":{"line":48,"column":2},"end":{"line":48,"column":3}},"loc":{"start":{"line":48,"column":27},"end":{"line":53,"column":3}},"line":48},"6":{"name":"(anonymous_6)","decl":{"start":{"line":55,"column":2},"end":{"line":55,"column":3}},"loc":{"start":{"line":55,"column":18},"end":{"line":59,"column":3}},"line":55},"7":{"name":"(anonymous_7)","decl":{"start":{"line":61,"column":2},"end":{"line":61,"column":3}},"loc":{"start":{"line":61,"column":19},"end":{"line":65,"column":3}},"line":61},"8":{"name":"(anonymous_8)","decl":{"start":{"line":67,"column":2},"end":{"line":67,"column":3}},"loc":{"start":{"line":67,"column":16},"end":{"line":71,"column":3}},"line":67}},"branchMap":{"0":{"loc":{"start":{"line":14,"column":15},"end":{"line":14,"column":57}},"type":"cond-expr","locations":[{"start":{"line":14,"column":42},"end":{"line":14,"column":46}},{"start":{"line":14,"column":49},"end":{"line":14,"column":57}}],"line":14},"1":{"loc":{"start":{"line":21,"column":15},"end":{"line":21,"column":57}},"type":"cond-expr","locations":[{"start":{"line":21,"column":42},"end":{"line":21,"column":46}},{"start":{"line":21,"column":49},"end":{"line":21,"column":57}}],"line":21},"2":{"loc":{"start":{"line":28,"column":15},"end":{"line":28,"column":57}},"type":"cond-expr","locations":[{"start":{"line":28,"column":42},"end":{"line":28,"column":46}},{"start":{"line":28,"column":49},"end":{"line":28,"column":57}}],"line":28},"3":{"loc":{"start":{"line":35,"column":15},"end":{"line":35,"column":57}},"type":"cond-expr","locations":[{"start":{"line":35,"column":42},"end":{"line":35,"column":46}},{"start":{"line":35,"column":49},"end":{"line":35,"column":57}}],"line":35},"4":{"loc":{"start":{"line":42,"column":15},"end":{"line":42,"column":57}},"type":"cond-expr","locations":[{"start":{"line":42,"column":42},"end":{"line":42,"column":46}},{"start":{"line":42,"column":49},"end":{"line":42,"column":57}}],"line":42},"5":{"loc":{"start":{"line":49,"column":15},"end":{"line":49,"column":57}},"type":"cond-expr","locations":[{"start":{"line":49,"column":42},"end":{"line":49,"column":46}},{"start":{"line":49,"column":49},"end":{"line":49,"column":57}}],"line":49},"6":{"loc":{"start":{"line":56,"column":15},"end":{"line":56,"column":57}},"type":"cond-expr","locations":[{"start":{"line":56,"column":42},"end":{"line":56,"column":46}},{"start":{"line":56,"column":49},"end":{"line":56,"column":57}}],"line":56},"7":{"loc":{"start":{"line":62,"column":15},"end":{"line":62,"column":57}},"type":"cond-expr","locations":[{"start":{"line":62,"column":42},"end":{"line":62,"column":46}},{"start":{"line":62,"column":49},"end":{"line":62,"column":57}}],"line":62},"8":{"loc":{"start":{"line":68,"column":15},"end":{"line":68,"column":57}},"type":"cond-expr","locations":[{"start":{"line":68,"column":42},"end":{"line":68,"column":46}},{"start":{"line":68,"column":49},"end":{"line":68,"column":57}}],"line":68}},"s":{"0":0,"1":0,"2":0,"3":0,"4":0,"5":0,"6":0,"7":0,"8":0,"9":0,"10":0,"11":0,"12":0,"13":0,"14":0,"15":0,"16":0,"17":0,"18":0,"19":0,"20":1,"21":1,"22":0,"23":0},"f":{"0":0,"1":0,"2":0,"3":0,"4":0,"5":0,"6":0,"7":1,"8":0},"b":{"0":[0,0],"1":[0,0],"2":[0,0],"3":[0,0],"4":[0,0],"5":[0,0],"6":[0,0],"7":[0,1],"8":[0,0]},"_coverageSchema":"332fd63041d2c1bcb487cc26dd0d5f7d97098a6c","hash":"0cd883eecf0d4b59a81fbbaa273da7966066dbf7"}
}
