TN:
SF:/Volumes/BackupHD/Dropbox/dev/vue-api-query/src/Builder.js
FN:5,(anonymous_0)
FN:16,(anonymous_1)
FN:20,(anonymous_2)
FN:26,(anonymous_3)
FN:32,(anonymous_4)
FN:44,(anonymous_5)
FN:53,(anonymous_6)
FNF:7
FNH:1
FNDA:7,(anonymous_0)
FNDA:0,(anonymous_1)
FNDA:0,(anonymous_2)
FNDA:0,(anonymous_3)
FNDA:0,(anonymous_4)
FNDA:0,(anonymous_5)
FNDA:0,(anonymous_6)
DA:6,7
DA:7,7
DA:8,7
DA:9,7
DA:13,7
DA:17,0
DA:21,0
DA:23,0
DA:27,0
DA:29,0
DA:33,0
DA:34,0
DA:36,0
DA:37,0
DA:39,0
DA:41,0
DA:45,0
DA:46,0
DA:48,0
DA:50,0
DA:54,0
DA:56,0
LF:22
LH:5
BRDA:33,0,0,0
BRDA:33,0,1,0
BRDA:33,1,0,0
BRDA:33,1,1,0
BRDA:36,2,0,0
BRDA:36,2,1,0
BRDA:36,3,0,0
BRDA:36,3,1,0
BRDA:45,4,0,0
BRDA:45,4,1,0
BRF:10
BRH:0
end_of_record
TN:
SF:/Volumes/BackupHD/Dropbox/dev/vue-api-query/src/Model.js
FN:6,(anonymous_0)
FN:31,(anonymous_1)
FN:35,(anonymous_2)
FN:39,(anonymous_3)
FN:45,(anonymous_4)
FN:49,(anonymous_5)
FN:59,(anonymous_6)
FN:64,(anonymous_7)
FN:69,(anonymous_8)
FN:74,(anonymous_9)
FN:79,(anonymous_10)
FN:84,(anonymous_11)
FN:85,(anonymous_12)
FN:98,(anonymous_13)
FN:108,(anonymous_14)
FN:119,(anonymous_15)
FN:127,(anonymous_16)
FN:131,(anonymous_17)
FN:151,(anonymous_18)
FN:155,(anonymous_19)
FN:163,(anonymous_20)
FN:167,(anonymous_21)
FN:172,(anonymous_22)
FN:178,(anonymous_23)
FN:183,(anonymous_24)
FNF:25
FNH:6
FNDA:8,(anonymous_0)
FNDA:6,(anonymous_1)
FNDA:3,(anonymous_2)
FNDA:0,(anonymous_3)
FNDA:1,(anonymous_4)
FNDA:1,(anonymous_5)
FNDA:0,(anonymous_6)
FNDA:0,(anonymous_7)
FNDA:0,(anonymous_8)
FNDA:0,(anonymous_9)
FNDA:0,(anonymous_10)
FNDA:0,(anonymous_11)
FNDA:0,(anonymous_12)
FNDA:1,(anonymous_13)
FNDA:0,(anonymous_14)
FNDA:0,(anonymous_15)
FNDA:0,(anonymous_16)
FNDA:0,(anonymous_17)
FNDA:0,(anonymous_18)
FNDA:0,(anonymous_19)
FNDA:0,(anonymous_20)
FNDA:0,(anonymous_21)
FNDA:0,(anonymous_22)
FNDA:0,(anonymous_23)
FNDA:0,(anonymous_24)
DA:7,8
DA:10,8
DA:11,7
DA:12,7
DA:13,7
DA:15,1
DA:18,8
DA:19,1
DA:22,7
DA:23,1
DA:26,6
DA:27,1
DA:32,6
DA:36,3
DA:40,0
DA:42,0
DA:46,1
DA:51,1
DA:52,1
DA:54,1
DA:56,1
DA:60,0
DA:61,0
DA:65,0
DA:66,0
DA:70,0
DA:71,0
DA:75,0
DA:76,0
DA:80,0
DA:81,0
DA:85,0
DA:88,0
DA:89,0
DA:91,0
DA:94,0
DA:99,1
DA:100,1
DA:103,0
DA:105,0
DA:109,0
DA:110,0
DA:111,0
DA:112,0
DA:113,0
DA:115,0
DA:120,0
DA:121,0
DA:122,0
DA:124,0
DA:128,0
DA:129,0
DA:131,0
DA:132,0
DA:133,0
DA:134,0
DA:135,0
DA:136,0
DA:138,0
DA:141,0
DA:142,0
DA:144,0
DA:147,0
DA:152,0
DA:156,0
DA:157,0
DA:159,0
DA:164,0
DA:168,0
DA:173,0
DA:174,0
DA:179,0
DA:184,0
DA:185,0
LF:74
LH:21
BRDA:10,0,0,7
BRDA:10,0,1,1
BRDA:18,1,0,1
BRDA:18,1,1,7
BRDA:22,2,0,1
BRDA:22,2,1,6
BRDA:26,3,0,1
BRDA:26,3,1,5
BRDA:88,4,0,0
BRDA:88,4,1,0
BRDA:94,5,0,0
BRDA:94,5,1,0
BRDA:99,6,0,1
BRDA:99,6,1,0
BRDA:120,7,0,0
BRDA:120,7,1,0
BRDA:121,8,0,0
BRDA:121,8,1,0
BRDA:128,9,0,0
BRDA:128,9,1,0
BRDA:129,10,0,0
BRDA:129,10,1,0
BRDA:141,11,0,0
BRDA:141,11,1,0
BRDA:152,12,0,0
BRDA:152,12,1,0
BRDA:152,12,2,0
BRDA:156,13,0,0
BRDA:156,13,1,0
BRDA:164,14,0,0
BRDA:164,14,1,0
BRF:31
BRH:9
end_of_record
TN:
SF:/Volumes/BackupHD/Dropbox/dev/vue-api-query/src/Parser.js
FN:5,(anonymous_0)
FN:10,(anonymous_1)
FN:19,(anonymous_2)
FN:23,(anonymous_3)
FN:27,(anonymous_4)
FN:31,(anonymous_5)
FN:35,(anonymous_6)
FN:39,(anonymous_7)
FN:48,(anonymous_8)
FN:56,(anonymous_9)
FN:64,(anonymous_10)
FNF:11
FNH:1
FNDA:7,(anonymous_0)
FNDA:0,(anonymous_1)
FNDA:0,(anonymous_2)
FNDA:0,(anonymous_3)
FNDA:0,(anonymous_4)
FNDA:0,(anonymous_5)
FNDA:0,(anonymous_6)
FNDA:0,(anonymous_7)
FNDA:0,(anonymous_8)
FNDA:0,(anonymous_9)
FNDA:0,(anonymous_10)
DA:6,7
DA:7,7
DA:11,0
DA:12,0
DA:13,0
DA:14,0
DA:16,0
DA:20,0
DA:24,0
DA:28,0
DA:32,0
DA:36,0
DA:40,0
DA:41,0
DA:44,0
DA:49,0
DA:50,0
DA:53,0
DA:57,0
DA:58,0
DA:61,0
DA:65,0
DA:66,0
DA:69,0
LF:24
LH:2
BRDA:36,0,0,0
BRDA:36,0,1,0
BRDA:40,1,0,0
BRDA:40,1,1,0
BRDA:49,2,0,0
BRDA:49,2,1,0
BRDA:57,3,0,0
BRDA:57,3,1,0
BRDA:65,4,0,0
BRDA:65,4,1,0
BRF:10
BRH:0
end_of_record
TN:
SF:/Volumes/BackupHD/Dropbox/dev/vue-api-query/src/StaticModel.js
FN:13,(anonymous_0)
FN:20,(anonymous_1)
FN:27,(anonymous_2)
FN:34,(anonymous_3)
FN:41,(anonymous_4)
FN:48,(anonymous_5)
FN:55,(anonymous_6)
FN:61,(anonymous_7)
FN:67,(anonymous_8)
FNF:9
FNH:1
FNDA:0,(anonymous_0)
FNDA:0,(anonymous_1)
FNDA:0,(anonymous_2)
FNDA:0,(anonymous_3)
FNDA:0,(anonymous_4)
FNDA:0,(anonymous_5)
FNDA:0,(anonymous_6)
FNDA:1,(anonymous_7)
FNDA:0,(anonymous_8)
DA:14,0
DA:15,0
DA:17,0
DA:21,0
DA:22,0
DA:24,0
DA:28,0
DA:29,0
DA:31,0
DA:35,0
DA:36,0
DA:38,0
DA:42,0
DA:43,0
DA:45,0
DA:49,0
DA:50,0
DA:52,0
DA:56,0
DA:58,0
DA:62,1
DA:64,1
DA:68,0
DA:70,0
LF:24
LH:2
BRDA:14,0,0,0
BRDA:14,0,1,0
BRDA:21,1,0,0
BRDA:21,1,1,0
BRDA:28,2,0,0
BRDA:28,2,1,0
BRDA:35,3,0,0
BRDA:35,3,1,0
BRDA:42,4,0,0
BRDA:42,4,1,0
BRDA:49,5,0,0
BRDA:49,5,1,0
BRDA:56,6,0,0
BRDA:56,6,1,0
BRDA:62,7,0,0
BRDA:62,7,1,1
BRDA:68,8,0,0
BRDA:68,8,1,0
BRF:18
BRH:1
end_of_record
